Diabetesireland/app/build/outputs/logs/manifest-merger-debug-report.txt
-- Merging decision tree log ---
manifest
ADDED from src\main\AndroidManifest.xml:2:1-57:12
	package
		ADDED from src\main\AndroidManifest.xml:3:5-48
		INJECTED from src\main\AndroidManifest.xml
		INJECTED from src\main\AndroidManifest.xml
	android:versionName
		INJECTED from src\main\AndroidManifest.xml
		INJECTED from src\main\AndroidManifest.xml
	xmlns:android
		ADDED from src\main\AndroidManifest.xml:2:11-69
	android:versionCode
		INJECTED from src\main\AndroidManifest.xml
		INJECTED from src\main\AndroidManifest.xml
uses-feature#@string/step_counter
ADDED from src\main\AndroidManifest.xml:6:5-7:46
	android:name
		ADDED from src\main\AndroidManifest.xml:7:9-44
uses-feature#android.hardware.sensor.stepdetector
ADDED from src\main\AndroidManifest.xml:8:5-9:62
	android:name
		ADDED from src\main\AndroidManifest.xml:9:9-60
uses-permission#android.permission.INTERNET
ADDED from src\main\AndroidManifest.xml:11:5-67
	android:name
		ADDED from src\main\AndroidManifest.xml:11:22-64
supports-screens
ADDED from src\main\AndroidManifest.xml:12:5-62
	android:compatibleWidthLimitDp
		ADDED from src\main\AndroidManifest.xml:12:23-59
application
ADDED from src\main\AndroidManifest.xml:13:5-55:19
MERGED from [com.android.support:appcompat-v7:23.1.1] AndroidManifest.xml:22:5-20
MERGED from [com.android.support:support-v4:23.1.1] AndroidManifest.xml:22:5-20
MERGED from [com.android.support:design:23.1.1] AndroidManifest.xml:22:5-20
MERGED from [com.android.support:appcompat-v7:23.1.1] AndroidManifest.xml:22:5-20
MERGED from [com.android.support:support-v4:23.1.1] AndroidManifest.xml:22:5-20
MERGED from [com.android.support:support-v4:23.1.1] AndroidManifest.xml:22:5-20
MERGED from [com.android.support:support-v4:23.1.1] AndroidManifest.xml:22:5-20
MERGED from [com.android.support:support-v4:23.1.1] AndroidManifest.xml:22:5-20
MERGED from [com.android.support:cardview-v7:23.1.1] AndroidManifest.xml:22:5-20
MERGED from [com.github.glomadrian:dashed-circular-progress:59d245ab92] AndroidManifest.xml:11:5-14:19
MERGED from [com.android.support:appcompat-v7:23.1.1] AndroidManifest.xml:22:5-20
MERGED from [com.android.support:support-v4:23.1.1] AndroidManifest.xml:22:5-20
MERGED from [com.jjoe64:graphview:4.0.1] AndroidManifest.xml:11:5-12:19
MERGED from [com.android.support:support-v4:23.1.1] AndroidManifest.xml:22:5-20
	android:hasCode
		ADDED from src\main\AndroidManifest.xml:16:9-31
	android:label
		ADDED from src\main\AndroidManifest.xml:18:9-41
	android:supportsRtl
		ADDED from src\main\AndroidManifest.xml:19:9-35
	android:debuggable
		ADDED from src\main\AndroidManifest.xml:15:9-34
	android:allowBackup
		ADDED from src\main\AndroidManifest.xml:14:9-35
	android:icon
		ADDED from src\main\AndroidManifest.xml:17:9-43
	android:theme
		ADDED from src\main\AndroidManifest.xml:20:9-40
activity#com.example.maxim.diabetesireland.MainActivity
ADDED from src\main\AndroidManifest.xml:21:9-30:20
	android:label
		ADDED from src\main\AndroidManifest.xml:23:13-45
	android:theme
		ADDED from src\main\AndroidManifest.xml:24:13-56
	android:name
		ADDED from src\main\AndroidManifest.xml:22:13-41
intent-filter#android.intent.action.MAIN+android.intent.category.LAUNCHER
ADDED from src\main\AndroidManifest.xml:25:13-29:29
action#android.intent.action.MAIN
ADDED from src\main\AndroidManifest.xml:26:17-69
	android:name
		ADDED from src\main\AndroidManifest.xml:26:25-66
category#android.intent.category.LAUNCHER
ADDED from src\main\AndroidManifest.xml:28:17-77
	android:name
		ADDED from src\main\AndroidManifest.xml:28:27-74
activity#com.example.maxim.diabetesireland.Exercise
ADDED from src\main\AndroidManifest.xml:31:9-34:59
	android:label
		ADDED from src\main\AndroidManifest.xml:33:13-60
	android:theme
		ADDED from src\main\AndroidManifest.xml:34:13-56
	android:name
		ADDED from src\main\AndroidManifest.xml:32:13-37
activity#com.example.maxim.diabetesireland.Profile
ADDED from src\main\AndroidManifest.xml:35:9-38:59
	android:label
		ADDED from src\main\AndroidManifest.xml:37:13-65
	android:theme
		ADDED from src\main\AndroidManifest.xml:38:13-56
	android:name
		ADDED from src\main\AndroidManifest.xml:36:13-36
activity#com.example.maxim.diabetesireland.Triangle
ADDED from src\main\AndroidManifest.xml:39:9-42:59
	android:label
		ADDED from src\main\AndroidManifest.xml:41:13-60
	android:theme
		ADDED from src\main\AndroidManifest.xml:42:13-56
	android:name
		ADDED from src\main\AndroidManifest.xml:40:13-37
activity#com.example.maxim.diabetesireland.WeeklyUpdate
ADDED from src\main\AndroidManifest.xml:43:9-46:59
	android:label
		ADDED from src\main\AndroidManifest.xml:45:13-65
	android:theme
		ADDED from src\main\AndroidManifest.xml:46:13-56
	android:name
		ADDED from src\main\AndroidManifest.xml:44:13-41
activity#com.example.maxim.diabetesireland.FoodIntake
ADDED from src\main\AndroidManifest.xml:47:9-50:59
	android:label
		ADDED from src\main\AndroidManifest.xml:49:13-63
	android:theme
		ADDED from src\main\AndroidManifest.xml:50:13-56
	android:name
		ADDED from src\main\AndroidManifest.xml:48:13-39
activity#com.example.maxim.diabetesireland.TabActivity
ADDED from src\main\AndroidManifest.xml:51:9-54:59
	android:label
		ADDED from src\main\AndroidManifest.xml:53:13-55
	android:theme
		ADDED from src\main\AndroidManifest.xml:54:13-56
	android:name
		ADDED from src\main\AndroidManifest.xml:52:13-40
uses-sdk
INJECTED from src\main\AndroidManifest.xml reason: use-sdk injection requested
MERGED from [com.android.support:appcompat-v7:23.1.1] AndroidManifest.xml:20:5-43
MERGED from [com.android.support:support-v4:23.1.1] AndroidManifest.xml:20:5-43
MERGED from [com.android.support:design:23.1.1] AndroidManifest.xml:20:5-43
MERGED from [com.android.support:appcompat-v7:23.1.1] AndroidManifest.xml:20:5-43
MERGED from [com.android.support:support-v4:23.1.1] AndroidManifest.xml:20:5-43
MERGED from [com.android.support:recyclerview-v7:23.1.1] AndroidManifest.xml:20:5-43
MERGED from [com.android.support:support-v4:23.1.1] AndroidManifest.xml:20:5-43
MERGED from [com.android.support:support-v4:23.1.1] AndroidManifest.xml:20:5-43
MERGED from [com.android.support:support-v4:23.1.1] AndroidManifest.xml:20:5-43
MERGED from [com.android.support:cardview-v7:23.1.1] AndroidManifest.xml:20:5-43
MERGED from [com.akexorcist:RoundCornerProgressBar:2.0.3] AndroidManifest.xml:8:5-10:41
MERGED from [com.github.glomadrian:dashed-circular-progress:59d245ab92] AndroidManifest.xml:7:5-9:41
MERGED from [com.android.support:appcompat-v7:23.1.1] AndroidManifest.xml:20:5-43
MERGED from [com.android.support:support-v4:23.1.1] AndroidManifest.xml:20:5-43
MERGED from [com.jjoe64:graphview:4.0.1] AndroidManifest.xml:7:5-9:41
MERGED from [com.android.support:support-v4:23.1.1] AndroidManifest.xml:20:5-43
	android:targetSdkVersion
		INJECTED from src\main\AndroidManifest.xml
		INJECTED from src\main\AndroidManifest.xml
	android:minSdkVersion
		INJECTED from src\main\AndroidManifest.xml
		INJECTED from src\main\AndroidManifest.xml